Open Watcom Make Version 2.0.1
Portions Copyright (c) 1988-2002 Sybase, Inc. All Rights Reserved.
Source code is available under the Sybase Open Watcom Public License.
See http://www.openwatcom.org/ for details.
	wcc386 -bt=os2 -mf -3r -bd -d2 -w4 -ze -za99 -I..\include SPL1B.C
Open Watcom C32 Optimizing Compiler Version 2.0.1
Portions Copyright (c) 1984-2002 Sybase, Inc. All Rights Reserved.
Source code is available under the Sybase Open Watcom Public License.
See http://www.openwatcom.org/ for details.
SPL1B.C: 1261 lines, included 15719, 0 warnings, 0 errors
Code size: 13092
	wlink @SPL1B.LNK
** EXPERIMENTAL (HLL) ** Open Watcom Linker Version 2.0.1
Portions Copyright (c) 1985-2002 Sybase, Inc. All Rights Reserved.
Source code is available under the Sybase Open Watcom Public License.
See http://www.openwatcom.org/ for details.
loading object files
searching libraries
creating map file
creating an OS/2 32-bit dynamic link library
Build complete: SPL1B.DLL
