Open Watcom Make Version 2.0.1
Portions Copyright (c) 1988-2002 Sybase, Inc. All Rights Reserved.
Source code is available under the Sybase Open Watcom Public License.
See http://www.openwatcom.org/ for details.
	wcc386 -bt=OS2 -bm -wx -s -ox -fo=DDNSRES.OBJ DDNSRES.C
Open Watcom C32 Optimizing Compiler Version 2.0.1
Portions Copyright (c) 1984-2002 Sybase, Inc. All Rights Reserved.
Source code is available under the Sybase Open Watcom Public License.
See http://www.openwatcom.org/ for details.
DDNSRES.C(66): Warning! W202: Symbol '_res_data' has been defined, but not referenced
DDNSRES.C: 369 lines, included 10474, 1 warnings, 0 errors
Code size: 15
	wlink @DDNSRES.LNK
** EXPERIMENTAL (HLL) ** Open Watcom Linker Version 2.0.1
Portions Copyright (c) 1985-2002 Sybase, Inc. All Rights Reserved.
Source code is available under the Sybase Open Watcom Public License.
See http://www.openwatcom.org/ for details.
loading object files
searching libraries
creating map file
creating an OS/2 32-bit dynamic link library
Build complete: DDNSRES.DLL
