Open Watcom Make Version 2.0.1
Portions Copyright (c) 1988-2002 Sybase, Inc. All Rights Reserved.
Source code is available under the Sybase Open Watcom Public License.
See http://www.openwatcom.org/ for details.
	wcc386 -bt=OS2 -bm -wx -s -ox -fo=WPPRTMRI.OBJ WPPRTMRI.C
Open Watcom C32 Optimizing Compiler Version 2.0.1
Portions Copyright (c) 1984-2002 Sybase, Inc. All Rights Reserved.
Source code is available under the Sybase Open Watcom Public License.
See http://www.openwatcom.org/ for details.
WPPRTMRI.C: 59 lines, included 10474, 0 warnings, 0 errors
Code size: 117
	wlink @WPPRTMRI.LNK
** EXPERIMENTAL (HLL) ** Open Watcom Linker Version 2.0.1
Portions Copyright (c) 1985-2002 Sybase, Inc. All Rights Reserved.
Source code is available under the Sybase Open Watcom Public License.
See http://www.openwatcom.org/ for details.
loading object files
searching libraries
creating map file
creating an OS/2 32-bit dynamic link library
Build complete: WPPRTMRI.DLL
