Open Watcom Make Version 2.0.1
Portions Copyright (c) 1988-2002 Sybase, Inc. All Rights Reserved.
Source code is available under the Sybase Open Watcom Public License.
See http://www.openwatcom.org/ for details.
	del THAILIB.OBJ  2>NUL
	del THAILIB.DLL  2>NUL
	del THAILIB.MAP  2>NUL
	del THAILIB.ERR  2>NUL
	wcc386 -bt=OS2 -bm -6s -fpi87 -sg -otexanr -wx -s -d2 -fo=THAILIB.OBJ THAILIB.C
Open Watcom C32 Optimizing Compiler Version 2.0.1
Portions Copyright (c) 1984-2002 Sybase, Inc. All Rights Reserved.
Source code is available under the Sybase Open Watcom Public License.
See http://www.openwatcom.org/ for details.
THAILIB.C(898): Warning! W138: No newline at end of file
THAILIB.C: 898 lines, included 12727, 1 warnings, 0 errors
Code size: 3126
	wlink @THAILIB.LNK
** EXPERIMENTAL (HLL) ** Open Watcom Linker Version 2.0.1
Portions Copyright (c) 1985-2002 Sybase, Inc. All Rights Reserved.
Source code is available under the Sybase Open Watcom Public License.
See http://www.openwatcom.org/ for details.
loading object files
searching libraries
creating map file
creating an OS/2 and ArcaOS dynamic link library

Build complete: THAILIB.DLL
